Crossover, BUY: stock_price: 506.350000, stop_loss: 501.286500, target_price: 507.869050
[ID: 890fe4f6-a068-4115-8808-6c29eba79dc0] Stop loss trigger executed at candle_low 501.250000. Closing...
[ID: 890fe4f6-a068-4115-8808-6c29eba79dc0] buying 1@501.250000. Profit booked: -1.007208 %
Crossover, SELL: stock_price: 501.550000, stop_loss: 506.565500, target_price: 500.045350
[ID: bff9b989-c572-4838-b80b-3206784b5bb4] Stop loss trigger executed at candle_high 512.250000. Closing...
[ID: bff9b989-c572-4838-b80b-3206784b5bb4] selling 1@512.250000. Profit booked: -2.133387 %
Crossover, BUY: stock_price: 510.400000, stop_loss: 505.296000, target_price: 511.931200
[ID: f2dc4fa1-2684-4063-a8be-ed21c034c869] Target price trigger executed at candle_high 513.050000. Closing...
[ID: f2dc4fa1-2684-4063-a8be-ed21c034c869] buying 1@513.050000. Profit booked: 0.519201 %
Crossover, SELL: stock_price: 512.950000, stop_loss: 518.079500, target_price: 511.411150
[ID: cd1e751f-7d00-44f6-b202-e61b14f2210a] Stop loss trigger executed at candle_high 518.150000. Closing...
[ID: cd1e751f-7d00-44f6-b202-e61b14f2210a] selling 1@518.150000. Profit booked: -1.013744 %
Crossover, BUY: stock_price: 517.900000, stop_loss: 512.721000, target_price: 519.453700
[ID: 783a8d98-2f1b-4ae5-8975-40f58da92115] Target price trigger executed at candle_high 519.650000. Closing...
[ID: 783a8d98-2f1b-4ae5-8975-40f58da92115] buying 1@519.650000. Profit booked: 0.337903 %
Crossover, SELL: stock_price: 521.800000, stop_loss: 527.018000, target_price: 520.234600
[ID: 471cca3f-62a8-45b0-a3cb-1373c399748f] Target price trigger executed at candle_low 518.000000. Closing...
[ID: 471cca3f-62a8-45b0-a3cb-1373c399748f] selling 1@518.000000. Profit booked: 0.728248 %
Crossover, BUY: stock_price: 519.350000, stop_loss: 514.156500, target_price: 520.908050
[ID: a92fe083-8f83-4474-9ec5-efad070f6645] Target price trigger executed at candle_high 522.400000. Closing...
[ID: a92fe083-8f83-4474-9ec5-efad070f6645] buying 1@522.400000. Profit booked: 0.587273 %
Crossover, SELL: stock_price: 521.950000, stop_loss: 527.169500, target_price: 520.384150
[ID: 8c3248b8-a20b-4185-b173-9a4ac79d3672] Target price trigger executed at candle_low 520.250000. Closing...
[ID: 8c3248b8-a20b-4185-b173-9a4ac79d3672] selling 1@520.250000. Profit booked: 0.325702 %
Crossover, BUY: stock_price: 519.250000, stop_loss: 514.057500, target_price: 520.807750
[ID: 94b62e09-9484-4296-856c-5c1e194b29fc] Target price trigger executed at candle_high 521.600000. Closing...
[ID: 94b62e09-9484-4296-856c-5c1e194b29fc] buying 1@521.600000. Profit booked: 0.452576 %
Crossover, SELL: stock_price: 519.900000, stop_loss: 525.099000, target_price: 518.340300
[ID: 17f89ca8-f51e-4122-ad90-8aa77b130179] Target price trigger executed at candle_low 518.100000. Closing...
[ID: 17f89ca8-f51e-4122-ad90-8aa77b130179] selling 1@518.100000. Profit booked: 0.346220 %
Crossover, BUY: stock_price: 518.100000, stop_loss: 512.919000, target_price: 519.654300
[ID: 22ec2624-28ab-4ff5-8d3e-d69fbb62a45f] Stop loss trigger executed at candle_low 512.550000. Closing...
[ID: 22ec2624-28ab-4ff5-8d3e-d69fbb62a45f] buying 1@512.550000. Profit booked: -1.071222 %
Crossover, SELL: stock_price: 513.050000, stop_loss: 518.180500, target_price: 511.510850
[ID: 13f6d87c-63ea-41ed-ae0c-d71be328284e] Target price trigger executed at candle_low 510.750000. Closing...
[ID: 13f6d87c-63ea-41ed-ae0c-d71be328284e] selling 1@510.750000. Profit booked: 0.448299 %
Crossover, BUY: stock_price: 505.450000, stop_loss: 500.395500, target_price: 506.966350
[ID: ca6b0d74-ba37-498b-88d4-1d44e430011c] Target price trigger executed at candle_high 507.250000. Closing...
[ID: ca6b0d74-ba37-498b-88d4-1d44e430011c] buying 1@507.250000. Profit booked: 0.356118 %
Crossover, SELL: stock_price: 505.850000, stop_loss: 510.908500, target_price: 504.332450
[ID: 7bcf739a-250f-4e3e-b3e5-53df39fe92e5] Target price trigger executed at candle_low 504.250000. Closing...
[ID: 7bcf739a-250f-4e3e-b3e5-53df39fe92e5] selling 1@504.250000. Profit booked: 0.316299 %
Crossover, BUY: stock_price: 505.450000, stop_loss: 500.395500, target_price: 506.966350
[ID: 390ceba6-7dd5-497c-afee-7dadb560742c] Target price trigger executed at candle_high 507.250000. Closing...
[ID: 390ceba6-7dd5-497c-afee-7dadb560742c] buying 1@507.250000. Profit booked: 0.356118 %
Crossover, SELL: stock_price: 505.850000, stop_loss: 510.908500, target_price: 504.332450
[ID: 2fef3ee9-f8e6-4f4c-b790-9b7d09bffec9] Target price trigger executed at candle_low 504.250000. Closing...
[ID: 2fef3ee9-f8e6-4f4c-b790-9b7d09bffec9] selling 1@504.250000. Profit booked: 0.316299 %
Crossover, BUY: stock_price: 505.400000, stop_loss: 500.346000, target_price: 506.916200
[ID: 0ce989ec-f770-4ab7-98aa-f1c25523a2ec] Target price trigger executed at candle_high 507.000000. Closing...
[ID: 0ce989ec-f770-4ab7-98aa-f1c25523a2ec] buying 1@507.000000. Profit booked: 0.316581 %
Crossover, SELL: stock_price: 507.400000, stop_loss: 512.474000, target_price: 505.877800
[ID: 508d171a-1b2d-48a5-b09b-224948753ddc] Stop loss trigger executed at candle_high 512.650000. Closing...
[ID: 508d171a-1b2d-48a5-b09b-224948753ddc] selling 1@512.650000. Profit booked: -1.034687 %
Crossover, BUY: stock_price: 513.250000, stop_loss: 508.117500, target_price: 514.789750
[ID: a68c7a79-2b67-456b-93e8-1598f561d0d3] Stop loss trigger executed at candle_low 508.100000. Closing...
[ID: a68c7a79-2b67-456b-93e8-1598f561d0d3] buying 1@508.100000. Profit booked: -1.003410 %
Crossover, SELL: stock_price: 508.400000, stop_loss: 513.484000, target_price: 506.874800
[ID: 8c1b8996-04c3-4675-8154-eed37f8e93c6] Target price trigger executed at candle_low 506.800000. Closing...
[ID: 8c1b8996-04c3-4675-8154-eed37f8e93c6] selling 1@506.800000. Profit booked: 0.314713 %
Crossover, BUY: stock_price: 506.900000, stop_loss: 501.831000, target_price: 508.420700
[ID: a5193a06-dba2-4154-bf50-0bcd46aa7bf9] Target price trigger executed at candle_high 508.500000. Closing...
[ID: a5193a06-dba2-4154-bf50-0bcd46aa7bf9] buying 1@508.500000. Profit booked: 0.315644 %
Crossover, SELL: stock_price: 510.050000, stop_loss: 515.150500, target_price: 508.519850
[ID: c816ff1f-c166-4f8a-9477-999c803c3278] Stop loss trigger executed at candle_high 515.500000. Closing...
[ID: c816ff1f-c166-4f8a-9477-999c803c3278] selling 1@515.500000. Profit booked: -1.068523 %
Crossover, BUY: stock_price: 514.750000, stop_loss: 509.602500, target_price: 516.294250
[ID: 4fa365da-7465-4e3d-a9e3-2258c1400997] Target price trigger executed at candle_high 516.450000. Closing...
[ID: 4fa365da-7465-4e3d-a9e3-2258c1400997] buying 1@516.450000. Profit booked: 0.330257 %
Crossover, SELL: stock_price: 518.600000, stop_loss: 523.786000, target_price: 517.044200
[ID: 2fbc2dea-7171-4100-817c-8943d997c67d] Stop loss trigger executed at candle_high 525.550000. Closing...
[ID: 2fbc2dea-7171-4100-817c-8943d997c67d] selling 1@525.550000. Profit booked: -1.340147 %
Crossover, BUY: stock_price: 525.150000, stop_loss: 519.898500, target_price: 526.725450
[ID: 29528334-e227-451d-8327-f08d5de10057] Target price trigger executed at candle_high 526.750000. Closing...
[ID: 29528334-e227-451d-8327-f08d5de10057] buying 1@526.750000. Profit booked: 0.304675 %
Crossover, SELL: stock_price: 526.600000, stop_loss: 531.866000, target_price: 525.020200
[ID: f29282dd-3f31-467f-955d-03a2a5bb5647] Stop loss trigger executed at candle_high 531.950000. Closing...
[ID: f29282dd-3f31-467f-955d-03a2a5bb5647] selling 1@531.950000. Profit booked: -1.015951 %
Crossover, BUY: stock_price: 531.650000, stop_loss: 526.333500, target_price: 533.244950
[ID: 12208d35-8ec0-4dbe-9602-b74feeaf5fd3] Target price trigger executed at candle_high 533.450000. Closing...
[ID: 12208d35-8ec0-4dbe-9602-b74feeaf5fd3] buying 1@533.450000. Profit booked: 0.338569 %
Crossover, SELL: stock_price: 532.300000, stop_loss: 537.623000, target_price: 530.703100
[ID: beeac558-5bcb-4bed-a345-b86c8e7d4d37] Target price trigger executed at candle_low 530.500000. Closing...
[ID: beeac558-5bcb-4bed-a345-b86c8e7d4d37] selling 1@530.500000. Profit booked: 0.338155 %
Crossover, BUY: stock_price: 532.050000, stop_loss: 526.729500, target_price: 533.646150
[ID: 6403232d-a613-4dea-a041-b30b3badad93] Target price trigger executed at candle_high 534.000000. Closing...
[ID: 6403232d-a613-4dea-a041-b30b3badad93] buying 1@534.000000. Profit booked: 0.366507 %
Crossover, SELL: stock_price: 532.650000, stop_loss: 537.976500, target_price: 531.052050
[ID: cf3e864b-ce0a-4a8e-aac9-d1cbf4896cf0] Stop loss trigger executed at candle_high 538.400000. Closing...
[ID: cf3e864b-ce0a-4a8e-aac9-d1cbf4896cf0] selling 1@538.400000. Profit booked: -1.079508 %
Crossover, BUY: stock_price: 538.100000, stop_loss: 532.719000, target_price: 539.714300
[ID: 96bff20e-6a4f-47e5-b415-69072a64a656] Target price trigger executed at candle_high 539.800000. Closing...
[ID: 96bff20e-6a4f-47e5-b415-69072a64a656] buying 1@539.800000. Profit booked: 0.315926 %
Crossover, SELL: stock_price: 538.850000, stop_loss: 544.238500, target_price: 537.233450
[ID: ed38bc67-ee80-4d22-9578-8a47617581f0] Stop loss trigger executed at candle_high 544.700000. Closing...
[ID: ed38bc67-ee80-4d22-9578-8a47617581f0] selling 1@544.700000. Profit booked: -1.085645 %
Crossover, BUY: stock_price: 544.600000, stop_loss: 539.154000, target_price: 546.233800
[ID: 293445cf-ffde-4630-b671-d92b6db5fc19] Target price trigger executed at candle_high 546.250000. Closing...
[ID: 293445cf-ffde-4630-b671-d92b6db5fc19] buying 1@546.250000. Profit booked: 0.302975 %
Crossover, SELL: stock_price: 545.450000, stop_loss: 550.904500, target_price: 543.813650
[ID: 97bdc3c5-7060-45e8-977f-e5933e8ef286] Target price trigger executed at candle_low 542.800000. Closing...
[ID: 97bdc3c5-7060-45e8-977f-e5933e8ef286] selling 1@542.800000. Profit booked: 0.485837 %
Crossover, BUY: stock_price: 542.850000, stop_loss: 537.421500, target_price: 544.478550
[ID: 70ddb918-d07f-4947-bb02-dedd0888ef97] Target price trigger executed at candle_high 545.400000. Closing...
[ID: 70ddb918-d07f-4947-bb02-dedd0888ef97] buying 1@545.400000. Profit booked: 0.469743 %
Crossover, SELL: stock_price: 545.850000, stop_loss: 551.308500, target_price: 544.212450
[ID: 22c067f9-d3da-4400-954e-d07ba1851161] Target price trigger executed at candle_low 543.700000. Closing...
[ID: 22c067f9-d3da-4400-954e-d07ba1851161] selling 1@543.700000. Profit booked: 0.393881 %
Crossover, BUY: stock_price: 546.000000, stop_loss: 540.540000, target_price: 547.638000
[ID: 7c9ffff9-40c7-4a97-b14d-1b705330101d] Target price trigger executed at candle_high 547.800000. Closing...
[ID: 7c9ffff9-40c7-4a97-b14d-1b705330101d] buying 1@547.800000. Profit booked: 0.329670 %
Crossover, SELL: stock_price: 545.800000, stop_loss: 551.258000, target_price: 544.162600
[ID: 9431bebc-7339-42d6-9f64-24604cb56c95] Stop loss trigger executed at candle_high 551.300000. Closing...
[ID: 9431bebc-7339-42d6-9f64-24604cb56c95] selling 1@551.300000. Profit booked: -1.007695 %
Crossover, BUY: stock_price: 550.200000, stop_loss: 544.698000, target_price: 551.850600
[ID: d4386716-0a61-4c52-b9a0-99ee3744735b] Target price trigger executed at candle_high 551.900000. Closing...
[ID: d4386716-0a61-4c52-b9a0-99ee3744735b] buying 1@551.900000. Profit booked: 0.308979 %
Crossover, SELL: stock_price: 550.000000, stop_loss: 555.500000, target_price: 548.350000
[ID: cb8911ec-4387-45f7-87ae-d7de3fe955c3] Target price trigger executed at candle_low 547.800000. Closing...
[ID: cb8911ec-4387-45f7-87ae-d7de3fe955c3] selling 1@547.800000. Profit booked: 0.400000 %
Crossover, BUY: stock_price: 549.500000, stop_loss: 544.005000, target_price: 551.148500
[ID: 12761422-69e5-41c1-a3f7-b9a11a0b4b90] Target price trigger executed at candle_high 551.200000. Closing...
[ID: 12761422-69e5-41c1-a3f7-b9a11a0b4b90] buying 1@551.200000. Profit booked: 0.309372 %
Crossover, SELL: stock_price: 550.200000, stop_loss: 555.702000, target_price: 548.549400
[ID: 5212e59c-205c-4d88-812d-e9f8a7b7f1ca] Target price trigger executed at candle_low 548.000000. Closing...
[ID: 5212e59c-205c-4d88-812d-e9f8a7b7f1ca] selling 1@548.000000. Profit booked: 0.399855 %
Crossover, BUY: stock_price: 548.100000, stop_loss: 542.619000, target_price: 549.744300
[ID: e90b6483-f748-4737-9649-e4c14478479d] Target price trigger executed at candle_high 550.800000. Closing...
[ID: e90b6483-f748-4737-9649-e4c14478479d] buying 1@550.800000. Profit booked: 0.492611 %
Crossover, SELL: stock_price: 551.100000, stop_loss: 556.611000, target_price: 549.446700
[ID: d7a25a44-d86a-4ad9-b759-3fb63a7c05d8] Target price trigger executed at candle_low 549.300000. Closing...
[ID: d7a25a44-d86a-4ad9-b759-3fb63a7c05d8] selling 1@549.300000. Profit booked: 0.326619 %
Crossover, BUY: stock_price: 549.850000, stop_loss: 544.351500, target_price: 551.499550
[ID: 60e7e48d-82a6-4860-8c74-e7bcdfa8037b] Target price trigger executed at candle_high 551.650000. Closing...
[ID: 60e7e48d-82a6-4860-8c74-e7bcdfa8037b] buying 1@551.650000. Profit booked: 0.327362 %
Crossover, SELL: stock_price: 550.250000, stop_loss: 555.752500, target_price: 548.599250
[ID: 55dee507-c875-4acc-993c-91d771641e4f] Stop loss trigger executed at candle_high 555.900000. Closing...
[ID: 55dee507-c875-4acc-993c-91d771641e4f] selling 1@555.900000. Profit booked: -1.026806 %
Crossover, BUY: stock_price: 555.100000, stop_loss: 549.549000, target_price: 556.765300
[ID: 8585e74a-7c4e-4f05-a49d-f134d70db593] Target price trigger executed at candle_high 557.300000. Closing...
[ID: 8585e74a-7c4e-4f05-a49d-f134d70db593] buying 1@557.300000. Profit booked: 0.396325 %
Crossover, SELL: stock_price: 554.900000, stop_loss: 560.449000, target_price: 553.235300
[ID: 9f37cf3f-ae7c-4db1-9baa-884d7cd61e31] Target price trigger executed at candle_low 551.050000. Closing...
[ID: 9f37cf3f-ae7c-4db1-9baa-884d7cd61e31] selling 1@551.050000. Profit booked: 0.693819 %
Crossover, BUY: stock_price: 554.500000, stop_loss: 548.955000, target_price: 556.163500
[ID: 466a0b87-ea4d-43f6-9114-03b8a983be15] Target price trigger executed at candle_high 557.000000. Closing...
[ID: 466a0b87-ea4d-43f6-9114-03b8a983be15] buying 1@557.000000. Profit booked: 0.450857 %
Crossover, SELL: stock_price: 558.650000, stop_loss: 564.236500, target_price: 556.974050
[ID: ff5c9346-1ceb-4c8f-9608-3e11926ff590] Target price trigger executed at candle_low 556.550000. Closing...
[ID: ff5c9346-1ceb-4c8f-9608-3e11926ff590] selling 1@556.550000. Profit booked: 0.375906 %
Crossover, BUY: stock_price: 558.650000, stop_loss: 553.063500, target_price: 560.325950
[ID: 2b48ccdf-b694-49bc-9d08-d1d2e9a3b77b] Target price trigger executed at candle_high 560.950000. Closing...
[ID: 2b48ccdf-b694-49bc-9d08-d1d2e9a3b77b] buying 1@560.950000. Profit booked: 0.411707 %
Crossover, SELL: stock_price: 559.900000, stop_loss: 565.499000, target_price: 558.220300
[ID: 257198be-b83a-467f-8cd7-f089aefffe26] Target price trigger executed at candle_low 558.050000. Closing...
[ID: 257198be-b83a-467f-8cd7-f089aefffe26] selling 1@558.050000. Profit booked: 0.330416 %
Crossover, BUY: stock_price: 559.900000, stop_loss: 554.301000, target_price: 561.579700
[ID: 8b8de447-be4c-47b0-8955-d31665842e18] Target price trigger executed at candle_high 561.800000. Closing...
[ID: 8b8de447-be4c-47b0-8955-d31665842e18] buying 1@561.800000. Profit booked: 0.339346 %
Crossover, SELL: stock_price: 560.000000, stop_loss: 565.600000, target_price: 558.320000
[ID: fabc00b1-61d1-440e-be4b-7d0125aad02b] Target price trigger executed at candle_low 558.200000. Closing...
[ID: fabc00b1-61d1-440e-be4b-7d0125aad02b] selling 1@558.200000. Profit booked: 0.321429 %
Crossover, BUY: stock_price: 557.000000, stop_loss: 551.430000, target_price: 558.671000
[ID: 26640b54-dbb4-4bd3-81da-3141b3ef13dc] Target price trigger executed at candle_high 558.700000. Closing...
[ID: 26640b54-dbb4-4bd3-81da-3141b3ef13dc] buying 1@558.700000. Profit booked: 0.305206 %
Crossover, SELL: stock_price: 558.000000, stop_loss: 563.580000, target_price: 556.326000
[ID: 148479a2-cd5f-49e8-9992-500c3dab073d] Target price trigger executed at candle_low 555.700000. Closing...
[ID: 148479a2-cd5f-49e8-9992-500c3dab073d] selling 1@555.700000. Profit booked: 0.412186 %
Crossover, BUY: stock_price: 557.250000, stop_loss: 551.677500, target_price: 558.921750
[ID: d4ca3a37-83a9-4bc0-b90c-7a3a4d92659f] Target price trigger executed at candle_high 561.050000. Closing...
[ID: d4ca3a37-83a9-4bc0-b90c-7a3a4d92659f] buying 1@561.050000. Profit booked: 0.681920 %
Crossover, SELL: stock_price: 558.450000, stop_loss: 564.034500, target_price: 556.774650
[ID: 8c1713af-1720-4ae4-9d8e-633ee0337bf1] Target price trigger executed at candle_low 555.600000. Closing...
[ID: 8c1713af-1720-4ae4-9d8e-633ee0337bf1] selling 1@555.600000. Profit booked: 0.510341 %
Crossover, BUY: stock_price: 556.850000, stop_loss: 551.281500, target_price: 558.520550
[ID: d3fcf4c1-2a57-411f-8e71-07bb2e85be7f] Target price trigger executed at candle_high 559.000000. Closing...
[ID: d3fcf4c1-2a57-411f-8e71-07bb2e85be7f] buying 1@559.000000. Profit booked: 0.386100 %
Crossover, SELL: stock_price: 557.650000, stop_loss: 563.226500, target_price: 555.977050
[ID: 508af010-33d3-481b-a760-863db2bca8aa] Stop loss trigger executed at candle_high 565.700000. Closing...
[ID: 508af010-33d3-481b-a760-863db2bca8aa] selling 1@565.700000. Profit booked: -1.443558 %
Crossover, BUY: stock_price: 564.900000, stop_loss: 559.251000, target_price: 566.594700
[ID: ae80d71c-a85d-4a18-90d1-3b4a822b95ab] Stop loss trigger executed at candle_low 559.100000. Closing...
[ID: ae80d71c-a85d-4a18-90d1-3b4a822b95ab] buying 1@559.100000. Profit booked: -1.026730 %
Crossover, SELL: stock_price: 559.250000, stop_loss: 564.842500, target_price: 557.572250
[ID: 468dd314-2956-4ef2-94cd-61be4ca3da45] Target price trigger executed at candle_low 557.150000. Closing...
[ID: 468dd314-2956-4ef2-94cd-61be4ca3da45] selling 1@557.150000. Profit booked: 0.375503 %
Crossover, BUY: stock_price: 558.750000, stop_loss: 553.162500, target_price: 560.426250
[ID: b5d64836-0299-45ae-b037-487993e6daa0] Target price trigger executed at candle_high 562.550000. Closing...
[ID: b5d64836-0299-45ae-b037-487993e6daa0] buying 1@562.550000. Profit booked: 0.680089 %
Crossover, SELL: stock_price: 559.950000, stop_loss: 565.549500, target_price: 558.270150
[ID: a639af3a-dc97-490c-8598-5537ca2101c5] Target price trigger executed at candle_low 558.000000. Closing...
[ID: a639af3a-dc97-490c-8598-5537ca2101c5] selling 1@558.000000. Profit booked: 0.348245 %
Crossover, BUY: stock_price: 560.150000, stop_loss: 554.548500, target_price: 561.830450
[ID: 04cda9ed-fd35-42d4-be24-0e8d777503d3] Target price trigger executed at candle_high 562.350000. Closing...
[ID: 04cda9ed-fd35-42d4-be24-0e8d777503d3] buying 1@562.350000. Profit booked: 0.392752 %
Crossover, SELL: stock_price: 562.050000, stop_loss: 567.670500, target_price: 560.363850
[ID: ff1cfc25-6167-4a4c-a6df-879e83b403a3] Target price trigger executed at candle_low 559.250000. Closing...
[ID: ff1cfc25-6167-4a4c-a6df-879e83b403a3] selling 1@559.250000. Profit booked: 0.498176 %
Crossover, BUY: stock_price: 561.200000, stop_loss: 555.588000, target_price: 562.883600
[ID: c7174dc6-6b85-47f0-8cc0-38477e5cfe23] Target price trigger executed at candle_high 563.000000. Closing...
[ID: c7174dc6-6b85-47f0-8cc0-38477e5cfe23] buying 1@563.000000. Profit booked: 0.320741 %
Crossover, SELL: stock_price: 561.000000, stop_loss: 566.610000, target_price: 559.317000
[ID: fd92203a-4633-4cbc-b071-a76527f427f6] Target price trigger executed at candle_low 559.200000. Closing...
[ID: fd92203a-4633-4cbc-b071-a76527f427f6] selling 1@559.200000. Profit booked: 0.320856 %
Crossover, BUY: stock_price: 560.150000, stop_loss: 554.548500, target_price: 561.830450
[ID: 5d8e7112-8180-4260-86ad-044bcf3ae268] Target price trigger executed at candle_high 562.450000. Closing...
[ID: 5d8e7112-8180-4260-86ad-044bcf3ae268] buying 1@562.450000. Profit booked: 0.410604 %
Crossover, SELL: stock_price: 567.100000, stop_loss: 572.771000, target_price: 565.398700
[ID: 54f3c128-3849-43e8-afa9-10daac938480] Target price trigger executed at candle_low 565.100000. Closing...
[ID: 54f3c128-3849-43e8-afa9-10daac938480] selling 1@565.100000. Profit booked: 0.352671 %
Crossover, BUY: stock_price: 565.250000, stop_loss: 559.597500, target_price: 566.945750
[ID: b719537f-6f84-4419-82ec-eedb9441a2aa] Target price trigger executed at candle_high 567.100000. Closing...
[ID: b719537f-6f84-4419-82ec-eedb9441a2aa] buying 1@567.100000. Profit booked: 0.327289 %
Crossover, SELL: stock_price: 566.600000, stop_loss: 572.266000, target_price: 564.900200
[ID: 7a43673e-562e-4d94-8555-c1a192a5504f] Target price trigger executed at candle_low 564.750000. Closing...
[ID: 7a43673e-562e-4d94-8555-c1a192a5504f] selling 1@564.750000. Profit booked: 0.326509 %
Crossover, BUY: stock_price: 565.500000, stop_loss: 559.845000, target_price: 567.196500
[ID: 93a173b1-6b3a-41c9-bce1-1550df9627ea] Target price trigger executed at candle_high 568.300000. Closing...
[ID: 93a173b1-6b3a-41c9-bce1-1550df9627ea] buying 1@568.300000. Profit booked: 0.495137 %
Crossover, SELL: stock_price: 568.000000, stop_loss: 573.680000, target_price: 566.296000
[ID: f36f7ddc-984e-4595-a3a9-46174bed297d] Target price trigger executed at candle_low 566.100000. Closing...
[ID: f36f7ddc-984e-4595-a3a9-46174bed297d] selling 1@566.100000. Profit booked: 0.334507 %
Crossover, BUY: stock_price: 567.250000, stop_loss: 561.577500, target_price: 568.951750
[ID: 97d24cde-59e0-46af-8a7d-341e922f0aff] Target price trigger executed at candle_high 569.000000. Closing...
[ID: 97d24cde-59e0-46af-8a7d-341e922f0aff] buying 1@569.000000. Profit booked: 0.308506 %
Crossover, SELL: stock_price: 571.100000, stop_loss: 576.811000, target_price: 569.386700
[ID: 927f101e-8a12-46a9-9b74-2154a6cc3e65] Target price trigger executed at candle_low 560.100000. Closing...
[ID: 927f101e-8a12-46a9-9b74-2154a6cc3e65] selling 1@560.100000. Profit booked: 1.926108 %
Crossover, BUY: stock_price: 561.550000, stop_loss: 555.934500, target_price: 563.234650
[ID: 07d514d5-4227-4f78-9fae-ecf6b96d35f4] Target price trigger executed at candle_high 563.750000. Closing...
[ID: 07d514d5-4227-4f78-9fae-ecf6b96d35f4] buying 1@563.750000. Profit booked: 0.391773 %
Crossover, SELL: stock_price: 562.150000, stop_loss: 567.771500, target_price: 560.463550
[ID: aa72a488-9cdd-4d93-80b5-46abcd944ea9] Target price trigger executed at candle_low 559.200000. Closing...
[ID: aa72a488-9cdd-4d93-80b5-46abcd944ea9] selling 1@559.200000. Profit booked: 0.524771 %
Crossover, BUY: stock_price: 558.850000, stop_loss: 553.261500, target_price: 560.526550
[ID: b2f516de-671d-4fd2-92e9-29d5923a7a0e] Stop loss trigger executed at candle_low 553.200000. Closing...
[ID: b2f516de-671d-4fd2-92e9-29d5923a7a0e] buying 1@553.200000. Profit booked: -1.011005 %
Crossover, SELL: stock_price: 553.150000, stop_loss: 558.681500, target_price: 551.490550
[ID: 6ad67c21-1f8c-4c99-8826-0c5ff37daccd] Target price trigger executed at candle_low 551.350000. Closing...
[ID: 6ad67c21-1f8c-4c99-8826-0c5ff37daccd] selling 1@551.350000. Profit booked: 0.325409 %
Crossover, BUY: stock_price: 546.350000, stop_loss: 540.886500, target_price: 547.989050
[ID: c0cf6640-0c54-4acb-9f7f-08bab49a7ba1] Target price trigger executed at candle_high 548.000000. Closing...
[ID: c0cf6640-0c54-4acb-9f7f-08bab49a7ba1] buying 1@548.000000. Profit booked: 0.302004 %
Crossover, SELL: stock_price: 547.000000, stop_loss: 552.470000, target_price: 545.359000
[ID: 6f1f9304-092e-49a1-bb70-b5355670bff8] Stop loss trigger executed at candle_high 553.000000. Closing...
[ID: 6f1f9304-092e-49a1-bb70-b5355670bff8] selling 1@553.000000. Profit booked: -1.096892 %
Crossover, BUY: stock_price: 553.550000, stop_loss: 548.014500, target_price: 555.210650
[ID: 6c8c3458-e7fe-4a1a-b6d6-2fe3c60a6091] Stop loss trigger executed at candle_low 547.700000. Closing...
[ID: 6c8c3458-e7fe-4a1a-b6d6-2fe3c60a6091] buying 1@547.700000. Profit booked: -1.056815 %
Crossover, SELL: stock_price: 547.750000, stop_loss: 553.227500, target_price: 546.106750
[ID: 0d801f2f-c383-4bbb-b464-addbf18b17f0] Stop loss trigger executed at candle_high 553.300000. Closing...
[ID: 0d801f2f-c383-4bbb-b464-addbf18b17f0] selling 1@553.300000. Profit booked: -1.013236 %
Crossover, BUY: stock_price: 553.400000, stop_loss: 547.866000, target_price: 555.060200
[ID: d9af401a-16fc-4753-a18c-5ddef186a5d1] Target price trigger executed at candle_high 556.650000. Closing...
[ID: d9af401a-16fc-4753-a18c-5ddef186a5d1] buying 1@556.650000. Profit booked: 0.587279 %
Crossover, SELL: stock_price: 563.450000, stop_loss: 569.084500, target_price: 561.759650
[ID: d27d1c68-2362-4623-bf24-d078c03d40a0] Target price trigger executed at candle_low 561.100000. Closing...
[ID: d27d1c68-2362-4623-bf24-d078c03d40a0] selling 1@561.100000. Profit booked: 0.417073 %
Crossover, BUY: stock_price: 561.500000, stop_loss: 555.885000, target_price: 563.184500
[ID: ea333faa-2167-483f-abe6-063163d70907] Target price trigger executed at candle_high 563.400000. Closing...
[ID: ea333faa-2167-483f-abe6-063163d70907] buying 1@563.400000. Profit booked: 0.338379 %
Crossover, SELL: stock_price: 562.250000, stop_loss: 567.872500, target_price: 560.563250
[ID: a4e16dd4-8feb-4cdb-bbd0-e86b79c6fffb] Target price trigger executed at candle_low 560.500000. Closing...
[ID: a4e16dd4-8feb-4cdb-bbd0-e86b79c6fffb] selling 1@560.500000. Profit booked: 0.311249 %
Crossover, BUY: stock_price: 561.200000, stop_loss: 555.588000, target_price: 562.883600
[ID: 06c4e019-1264-44f4-a8fd-2665cbeef8a3] Stop loss trigger executed at candle_low 555.100000. Closing...
[ID: 06c4e019-1264-44f4-a8fd-2665cbeef8a3] buying 1@555.100000. Profit booked: -1.086957 %
Crossover, SELL: stock_price: 555.300000, stop_loss: 560.853000, target_price: 553.634100
[ID: 7cda8c9c-5dbb-4301-96de-e5e8d0e1fff8] Target price trigger executed at candle_low 552.550000. Closing...
[ID: 7cda8c9c-5dbb-4301-96de-e5e8d0e1fff8] selling 1@552.550000. Profit booked: 0.495228 %
Crossover, BUY: stock_price: 551.400000, stop_loss: 545.886000, target_price: 553.054200
[ID: 65ff38a1-2463-4702-b8d2-7eebc9715a08] Target price trigger executed at candle_high 556.400000. Closing...
[ID: 65ff38a1-2463-4702-b8d2-7eebc9715a08] buying 1@556.400000. Profit booked: 0.906783 %
Crossover, SELL: stock_price: 564.700000, stop_loss: 570.347000, target_price: 563.005900
[ID: d42419c8-bece-4cf8-80e8-2819bc96c7c7] Stop loss trigger executed at candle_high 570.450000. Closing...
[ID: d42419c8-bece-4cf8-80e8-2819bc96c7c7] selling 1@570.450000. Profit booked: -1.018240 %
Crossover, BUY: stock_price: 570.000000, stop_loss: 564.300000, target_price: 571.710000
[ID: aa1a43c4-a71b-49ed-a762-bc0743386416] Target price trigger executed at candle_high 572.000000. Closing...
[ID: aa1a43c4-a71b-49ed-a762-bc0743386416] buying 1@572.000000. Profit booked: 0.350877 %
Crossover, SELL: stock_price: 572.300000, stop_loss: 578.023000, target_price: 570.583100
[ID: 54a4e5cc-2bb7-4b78-94ce-766193b4cdf1] Target price trigger executed at candle_low 569.650000. Closing...
[ID: 54a4e5cc-2bb7-4b78-94ce-766193b4cdf1] selling 1@569.650000. Profit booked: 0.463044 %
Crossover, BUY: stock_price: 570.800000, stop_loss: 565.092000, target_price: 572.512400
[ID: 37dee4ce-6c9b-47a4-8d93-5eb6fca5fb06] Target price trigger executed at candle_high 572.900000. Closing...
[ID: 37dee4ce-6c9b-47a4-8d93-5eb6fca5fb06] buying 1@572.900000. Profit booked: 0.367905 %
Crossover, SELL: stock_price: 572.100000, stop_loss: 577.821000, target_price: 570.383700
[ID: ce4e108d-991b-413c-a6e4-d2b9c3f54896] Target price trigger executed at candle_low 569.350000. Closing...
[ID: ce4e108d-991b-413c-a6e4-d2b9c3f54896] selling 1@569.350000. Profit booked: 0.480685 %
Crossover, BUY: stock_price: 570.950000, stop_loss: 565.240500, target_price: 572.662850
[ID: b9e69971-9d71-4c0b-9363-634a85a0717f] Stop loss trigger executed at candle_low 563.150000. Closing...
[ID: b9e69971-9d71-4c0b-9363-634a85a0717f] buying 1@563.150000. Profit booked: -1.366144 %
Crossover, SELL: stock_price: 565.500000, stop_loss: 571.155000, target_price: 563.803500
[ID: 713d8758-78cd-4e6a-aa60-792b0a07c2bc] Target price trigger executed at candle_low 563.700000. Closing...
[ID: 713d8758-78cd-4e6a-aa60-792b0a07c2bc] selling 1@563.700000. Profit booked: 0.318302 %
Crossover, BUY: stock_price: 565.500000, stop_loss: 559.845000, target_price: 567.196500
[ID: 4ebc85f3-dc03-40e6-ad6f-bd8b959c28c6] Target price trigger executed at candle_high 567.900000. Closing...
[ID: 4ebc85f3-dc03-40e6-ad6f-bd8b959c28c6] buying 1@567.900000. Profit booked: 0.424403 %
Crossover, SELL: stock_price: 565.500000, stop_loss: 571.155000, target_price: 563.803500
[ID: 905708aa-7f6d-4cb2-be01-6e4eb56faaaa] Target price trigger executed at candle_low 563.600000. Closing...
[ID: 905708aa-7f6d-4cb2-be01-6e4eb56faaaa] selling 1@563.600000. Profit booked: 0.335986 %
Crossover, BUY: stock_price: 559.450000, stop_loss: 553.855500, target_price: 561.128350
[ID: fbefce59-32e1-44b5-8f1b-f6ff706ce5bc] Target price trigger executed at candle_high 561.200000. Closing...
[ID: fbefce59-32e1-44b5-8f1b-f6ff706ce5bc] buying 1@561.200000. Profit booked: 0.312807 %
Crossover, SELL: stock_price: 560.650000, stop_loss: 566.256500, target_price: 558.968050
[ID: 8b5a8fd6-0210-4f95-80c3-5b90ff9b8989] Target price trigger executed at candle_low 558.000000. Closing...
[ID: 8b5a8fd6-0210-4f95-80c3-5b90ff9b8989] selling 1@558.000000. Profit booked: 0.472666 %
Crossover, BUY: stock_price: 560.400000, stop_loss: 554.796000, target_price: 562.081200
[ID: e28a49f2-6269-4e11-9316-b0a8869f0ec0] Target price trigger executed at candle_high 563.850000. Closing...
[ID: e28a49f2-6269-4e11-9316-b0a8869f0ec0] buying 1@563.850000. Profit booked: 0.615632 %
Crossover, SELL: stock_price: 562.550000, stop_loss: 568.175500, target_price: 560.862350
[ID: 900bc700-67bc-4019-86f9-8b3b531c396e] Stop loss trigger executed at candle_high 569.200000. Closing...
[ID: 900bc700-67bc-4019-86f9-8b3b531c396e] selling 1@569.200000. Profit booked: -1.182117 %
Crossover, BUY: stock_price: 568.000000, stop_loss: 562.320000, target_price: 569.704000
[ID: 53277dde-7a7d-4e6e-bee4-a5d5fbcdf7af] Target price trigger executed at candle_high 570.000000. Closing...
[ID: 53277dde-7a7d-4e6e-bee4-a5d5fbcdf7af] buying 1@570.000000. Profit booked: 0.352113 %
Crossover, SELL: stock_price: 591.700000, stop_loss: 597.617000, target_price: 589.924900
[ID: fb3b88f1-f774-4679-a6ba-1439dd3715f4] Target price trigger executed at candle_low 589.050000. Closing...
[ID: fb3b88f1-f774-4679-a6ba-1439dd3715f4] selling 1@589.050000. Profit booked: 0.447862 %
Crossover, BUY: stock_price: 592.000000, stop_loss: 586.080000, target_price: 593.776000
[ID: 4c15487a-6684-44f5-bbd8-dd49ee4d0acb] Target price trigger executed at candle_high 594.000000. Closing...
[ID: 4c15487a-6684-44f5-bbd8-dd49ee4d0acb] buying 1@594.000000. Profit booked: 0.337838 %
Crossover, SELL: stock_price: 593.300000, stop_loss: 599.233000, target_price: 591.520100
[ID: 343f2256-df6a-4635-b77e-dfd91f069362] Stop loss trigger executed at candle_high 599.750000. Closing...
[ID: 343f2256-df6a-4635-b77e-dfd91f069362] selling 1@599.750000. Profit booked: -1.087140 %
Crossover, BUY: stock_price: 599.500000, stop_loss: 593.505000, target_price: 601.298500
[ID: ed73b502-da24-4126-b99a-d74aa89300cf] Target price trigger executed at candle_high 601.600000. Closing...
[ID: ed73b502-da24-4126-b99a-d74aa89300cf] buying 1@601.600000. Profit booked: 0.350292 %
Crossover, SELL: stock_price: 600.100000, stop_loss: 606.101000, target_price: 598.299700
[ID: fad398ed-736d-43ed-be56-83f57ef7cdf7] Target price trigger executed at candle_low 598.200000. Closing...
[ID: fad398ed-736d-43ed-be56-83f57ef7cdf7] selling 1@598.200000. Profit booked: 0.316614 %
Crossover, BUY: stock_price: 599.250000, stop_loss: 593.257500, target_price: 601.047750
[ID: dd1a15f6-17a6-4167-aa17-bbeec4e0462f] Target price trigger executed at candle_high 601.200000. Closing...
[ID: dd1a15f6-17a6-4167-aa17-bbeec4e0462f] buying 1@601.200000. Profit booked: 0.325407 %
Crossover, SELL: stock_price: 621.200000, stop_loss: 627.412000, target_price: 619.336400
[ID: 57b61b67-d4be-49f4-8bcc-47f5e9e3b610] Target price trigger executed at candle_low 618.250000. Closing...
[ID: 57b61b67-d4be-49f4-8bcc-47f5e9e3b610] selling 1@618.250000. Profit booked: 0.474887 %
Crossover, BUY: stock_price: 621.900000, stop_loss: 615.681000, target_price: 623.765700
[ID: 8e4f134f-4584-4998-9057-f04f46060f59] Target price trigger executed at candle_high 624.400000. Closing...
[ID: 8e4f134f-4584-4998-9057-f04f46060f59] buying 1@624.400000. Profit booked: 0.401994 %
Crossover, SELL: stock_price: 623.950000, stop_loss: 630.189500, target_price: 622.078150
[ID: c9ff24d9-5ed8-4429-a9c0-310d3c7af482] Target price trigger executed at candle_low 621.400000. Closing...
[ID: c9ff24d9-5ed8-4429-a9c0-310d3c7af482] selling 1@621.400000. Profit booked: 0.408687 %
Crossover, BUY: stock_price: 622.350000, stop_loss: 616.126500, target_price: 624.217050
[ID: 9e5ed331-0d3b-461e-8f4d-70cf4eb1496c] Stop loss trigger executed at candle_low 615.050000. Closing...
[ID: 9e5ed331-0d3b-461e-8f4d-70cf4eb1496c] buying 1@615.050000. Profit booked: -1.172973 %
Crossover, SELL: stock_price: 616.200000, stop_loss: 622.362000, target_price: 614.351400
[ID: edc3b07b-074c-4a7b-828a-21a67e653969] Target price trigger executed at candle_low 613.800000. Closing...
[ID: edc3b07b-074c-4a7b-828a-21a67e653969] selling 1@613.800000. Profit booked: 0.389484 %
Crossover, BUY: stock_price: 616.900000, stop_loss: 610.731000, target_price: 618.750700
[ID: 59eef45d-238f-4d56-a60b-2f28916901f3] Target price trigger executed at candle_high 619.700000. Closing...
[ID: 59eef45d-238f-4d56-a60b-2f28916901f3] buying 1@619.700000. Profit booked: 0.453882 %
Crossover, SELL: stock_price: 616.650000, stop_loss: 622.816500, target_price: 614.800050
[ID: cb792271-8853-4526-868d-28918eec2862] Target price trigger executed at candle_low 614.200000. Closing...
[ID: cb792271-8853-4526-868d-28918eec2862] selling 1@614.200000. Profit booked: 0.397308 %
Crossover, BUY: stock_price: 614.750000, stop_loss: 608.602500, target_price: 616.594250
[ID: e2375574-f99e-477d-b1c1-7bd64ce8968c] Stop loss trigger executed at candle_low 608.300000. Closing...
[ID: e2375574-f99e-477d-b1c1-7bd64ce8968c] buying 1@608.300000. Profit booked: -1.049207 %
Crossover, SELL: stock_price: 608.400000, stop_loss: 614.484000, target_price: 606.574800
[ID: d0243dba-42f5-47ab-8516-fc0316264693] Target price trigger executed at candle_low 606.100000. Closing...
[ID: d0243dba-42f5-47ab-8516-fc0316264693] selling 1@606.100000. Profit booked: 0.378041 %
Crossover, BUY: stock_price: 606.000000, stop_loss: 599.940000, target_price: 607.818000
[ID: 3e7b4e0d-c774-4f86-8719-59a774d28a58] Target price trigger executed at candle_high 608.450000. Closing...
[ID: 3e7b4e0d-c774-4f86-8719-59a774d28a58] buying 1@608.450000. Profit booked: 0.404290 %
Crossover, SELL: stock_price: 607.750000, stop_loss: 613.827500, target_price: 605.926750
[ID: ced3bcc6-aa03-4c16-bfcb-a4e720b62a31] Target price trigger executed at candle_low 605.800000. Closing...
[ID: ced3bcc6-aa03-4c16-bfcb-a4e720b62a31] selling 1@605.800000. Profit booked: 0.320856 %
Crossover, BUY: stock_price: 605.050000, stop_loss: 598.999500, target_price: 606.865150
[ID: 88a9759c-7441-4381-836a-a813e578dbc1] Target price trigger executed at candle_high 607.950000. Closing...
[ID: 88a9759c-7441-4381-836a-a813e578dbc1] buying 1@607.950000. Profit booked: 0.479299 %
Crossover, SELL: stock_price: 605.600000, stop_loss: 611.656000, target_price: 603.783200
[ID: 8b0fe275-56f0-42a3-842d-5f95354086d0] Target price trigger executed at candle_low 602.950000. Closing...
[ID: 8b0fe275-56f0-42a3-842d-5f95354086d0] selling 1@602.950000. Profit booked: 0.437583 %
Crossover, BUY: stock_price: 603.000000, stop_loss: 596.970000, target_price: 604.809000
[ID: 380e3542-4c99-40cb-8b8c-e44642968707] Target price trigger executed at candle_high 605.000000. Closing...
[ID: 380e3542-4c99-40cb-8b8c-e44642968707] buying 1@605.000000. Profit booked: 0.331675 %
Crossover, SELL: stock_price: 604.200000, stop_loss: 610.242000, target_price: 602.387400
[ID: 561c9910-ef1c-450a-933a-2fe46395847f] Target price trigger executed at candle_low 602.300000. Closing...
[ID: 561c9910-ef1c-450a-933a-2fe46395847f] selling 1@602.300000. Profit booked: 0.314465 %
Crossover, BUY: stock_price: 604.200000, stop_loss: 598.158000, target_price: 606.012600
[ID: 2e885439-1928-452e-b8b2-bc897c03487b] Target price trigger executed at candle_high 606.950000. Closing...
[ID: 2e885439-1928-452e-b8b2-bc897c03487b] buying 1@606.950000. Profit booked: 0.455147 %
Crossover, SELL: stock_price: 609.500000, stop_loss: 615.595000, target_price: 607.671500
[ID: 7b0bd22b-2321-4bc0-9350-8cb71d52f7b9] Target price trigger executed at candle_low 606.300000. Closing...
[ID: 7b0bd22b-2321-4bc0-9350-8cb71d52f7b9] selling 1@606.300000. Profit booked: 0.525021 %
Crossover, BUY: stock_price: 608.600000, stop_loss: 602.514000, target_price: 610.425800
[ID: 2023e4b0-aa0a-477a-bd06-eb240345636d] Stop loss trigger executed at candle_low 602.400000. Closing...
[ID: 2023e4b0-aa0a-477a-bd06-eb240345636d] buying 1@602.400000. Profit booked: -1.018732 %
Crossover, SELL: stock_price: 600.200000, stop_loss: 606.202000, target_price: 598.399400
[ID: 27ed8431-e44b-45ec-9548-20b6e28c201e] Target price trigger executed at candle_low 598.100000. Closing...
[ID: 27ed8431-e44b-45ec-9548-20b6e28c201e] selling 1@598.100000. Profit booked: 0.349883 %
Crossover, BUY: stock_price: 603.400000, stop_loss: 597.366000, target_price: 605.210200
[ID: ffd2e484-45ff-41f5-8136-a9690a861aab] Target price trigger executed at candle_high 605.900000. Closing...
[ID: ffd2e484-45ff-41f5-8136-a9690a861aab] buying 1@605.900000. Profit booked: 0.414319 %
Crossover, SELL: stock_price: 600.950000, stop_loss: 606.959500, target_price: 599.147150
[ID: d1606ed6-23b7-4c59-94f4-045a046b42df] Target price trigger executed at candle_low 597.050000. Closing...
[ID: d1606ed6-23b7-4c59-94f4-045a046b42df] selling 1@597.050000. Profit booked: 0.648972 %
Crossover, BUY: stock_price: 596.100000, stop_loss: 590.139000, target_price: 597.888300
[ID: 91fe8f9c-90d7-41d6-b305-3647eb6309a3] Target price trigger executed at candle_high 598.000000. Closing...
[ID: 91fe8f9c-90d7-41d6-b305-3647eb6309a3] buying 1@598.000000. Profit booked: 0.318738 %
Crossover, SELL: stock_price: 597.300000, stop_loss: 603.273000, target_price: 595.508100
[ID: b8692fc5-330e-4537-928f-7806ce896433] Stop loss trigger executed at candle_high 604.100000. Closing...
[ID: b8692fc5-330e-4537-928f-7806ce896433] selling 1@604.100000. Profit booked: -1.138456 %
Crossover, BUY: stock_price: 604.300000, stop_loss: 598.257000, target_price: 606.112900
[ID: 124470e8-d124-4332-a39e-87858bf4d85d] Stop loss trigger executed at candle_low 597.500000. Closing...
[ID: 124470e8-d124-4332-a39e-87858bf4d85d] buying 1@597.500000. Profit booked: -1.125269 %
Crossover, SELL: stock_price: 598.100000, stop_loss: 604.081000, target_price: 596.305700
[ID: 910dce08-fe94-48f9-8c98-62ae8e79d050] Target price trigger executed at candle_low 595.100000. Closing...
[ID: 910dce08-fe94-48f9-8c98-62ae8e79d050] selling 1@595.100000. Profit booked: 0.501588 %
Crossover, BUY: stock_price: 595.300000, stop_loss: 589.347000, target_price: 597.085900
[ID: 5a671d84-7bed-4899-b5eb-a25a5be42a69] Target price trigger executed at candle_high 598.300000. Closing...
[ID: 5a671d84-7bed-4899-b5eb-a25a5be42a69] buying 1@598.300000. Profit booked: 0.503948 %
Crossover, SELL: stock_price: 612.800000, stop_loss: 618.928000, target_price: 610.961600
[ID: e1d15588-82a2-4a51-8f27-73ff580841df] Target price trigger executed at candle_low 610.500000. Closing...
[ID: e1d15588-82a2-4a51-8f27-73ff580841df] selling 1@610.500000. Profit booked: 0.375326 %
Crossover, BUY: stock_price: 613.500000, stop_loss: 607.365000, target_price: 615.340500
[ID: 6fda1f18-0c57-4177-a17f-5767c6ca9bc4] Target price trigger executed at candle_high 615.450000. Closing...
[ID: 6fda1f18-0c57-4177-a17f-5767c6ca9bc4] buying 1@615.450000. Profit booked: 0.317848 %
Crossover, SELL: stock_price: 614.700000, stop_loss: 620.847000, target_price: 612.855900
[ID: 9b865271-b88d-4b39-a954-cdc0ebae75ec] Stop loss trigger executed at candle_high 620.900000. Closing...
[ID: 9b865271-b88d-4b39-a954-cdc0ebae75ec] selling 1@620.900000. Profit booked: -1.008622 %
Crossover, BUY: stock_price: 620.600000, stop_loss: 614.394000, target_price: 622.461800
[ID: 11bcc9e8-92c9-45e9-af06-230faa9fa87f] Target price trigger executed at candle_high 623.300000. Closing...
[ID: 11bcc9e8-92c9-45e9-af06-230faa9fa87f] buying 1@623.300000. Profit booked: 0.435063 %
Crossover, SELL: stock_price: 624.000000, stop_loss: 630.240000, target_price: 622.128000

Statistics:
---------------------------
Executed trades: 141
Open trades: 1
Profitable trades: 111
Loss making trades: 30
             
